Changed directory to /home/hpcgu1/git/abbg/R2.

JobID: 759280
======
Time: Wed Oct 29 14:38:57 GMT 2014
Running on master node: sand-2-22
Current directory: /home/hpcgu1/git/abbg/R2

Nodes allocated:
================
sand-2-22

numtasks=16, numnodes=1, mpi_tasks_per_node=16 (OMP_NUM_THREADS=16)

Executing command:
==================
R --no-save --slave < run.betaKY.nl.r

Loading required package: Hmisc
Loading required package: grid
Loading required package: lattice
Loading required package: survival
Loading required package: splines
Loading required package: Formula

Attaching package: ‘Hmisc’

The following objects are masked from ‘package:base’:

    format.pval, round.POSIXt, trunc.POSIXt, units

Loading required package: data.table
Loading required package: ggplot2
 Beta before:  0.9708738 
 Beta guess:  0.9708738 
[mode=multicore] YEAH !!!!! 
Loading required package: parallel
Number of Chains:  16 
 Simulated - Target KY:  2.168284 
 Beta guess:  0.9805825 
[mode=multicore] YEAH !!!!! 
Number of Chains:  16 
 Simulated - Target KY:  2.236782 
 Beta guess:  0.961165 
[mode=multicore] YEAH !!!!! 
Number of Chains:  16 
 Simulated - Target KY:  2.099452 
 Beta guess:  0.9903883 
[mode=multicore] YEAH !!!!! 
Number of Chains:  16 
 Simulated - Target KY:  2.321124 
 Beta guess:  0.9417476 
[mode=multicore] YEAH !!!!! 
Number of Chains:  16 
 Simulated - Target KY:  1.945702 
 Beta guess:  1.01 
[mode=multicore] YEAH !!!!! 
Number of Chains:  16 
 Simulated - Target KY:  2.462877 
 Beta guess:  0.9029126 
[mode=multicore] YEAH !!!!! 
Number of Chains:  16 
 Simulated - Target KY:  1.664983 
 Beta guess:  1.049223 
[mode=multicore] YEAH !!!!! 
Number of Chains:  16 
 Simulated - Target KY:  2.744459 
 Beta guess:  0.8252427 
[mode=multicore] YEAH !!!!! 
Number of Chains:  16 
 Simulated - Target KY:  1.050417 
 Beta guess:  1.12767 
[mode=multicore] YEAH !!!!! 
Number of Chains:  16 
 Simulated - Target KY:  3.289154 
 Beta guess:  0.6699029 
[mode=multicore] YEAH !!!!! 
Number of Chains:  16 
 Simulated - Target KY:  -0.2179352 
 Beta guess:  1.284563 
[mode=multicore] YEAH !!!!! 
Number of Chains:  16 
 Simulated - Target KY:  4.311313 
 Beta guess:  0.6994787 
[mode=multicore] YEAH !!!!! 
Number of Chains:  16 
 Simulated - Target KY:  0.04317478 
 Beta guess:  0.6944787 
[mode=multicore] YEAH !!!!! 
Number of Chains:  16 
 Simulated - Target KY:  -0.01335933 
 Beta guess:  0.6944787 
[mode=multicore] YEAH !!!!! 
Number of Chains:  16 
 Simulated - Target KY:  -0.006386156 
 Beta after:  0.6944787 
[mode=multicore] YEAH !!!!! 
Number of Chains:  16 

total seconds to solve the program:  13824.777