Tax function parameter:  0.001613022 
Tax revenue / Pre-tax labor income:  25.00012 %
SS benefit parameter:  1.06032 
SS Ben for Mean AIME/ Av Pre-tax Earns:  44.99998 %
Finished forming grids
Solving for decision rules at age  35 
Solving for decision rules at age  34 
Solving for decision rules at age  33 
Solving for decision rules at age  32 
Solving for decision rules at age  31 
Solving for decision rules at age  30 
Solving for decision rules at age  29 
Solving for decision rules at age  28 
Solving for decision rules at age  27 
Solving for decision rules at age  26 
Solving for decision rules at age  25 
Solving for decision rules at age  24 
Solving for decision rules at age  23 
Solving for decision rules at age  22 
Solving for decision rules at age  21 
Solving for decision rules at age  20 
Solving for decision rules at age  19 
[mode=multicore] YEAH !!!!! 
Number of Chains:  20 
Solving for decision rules at age  18 
Solving for decision rules at age  17 
Solving for decision rules at age  16 
Solving for decision rules at age  15 
Solving for decision rules at age  14 
Solving for decision rules at age  13 
Solving for decision rules at age  12 
Solving for decision rules at age  11 
Solving for decision rules at age  10 
Solving for decision rules at age  9 
Solving for decision rules at age  8 
Solving for decision rules at age  7 
Solving for decision rules at age  6 
Solving for decision rules at age  5 
Solving for decision rules at age  4 
Solving for decision rules at age  3 
