Tax function parameter:  0 
Tax revenue / Pre-tax labor income:  1.071013e-14 %
Tax function parameter:  1 
Tax revenue / Pre-tax labor income:  25.79978 %
Tax function parameter:  0.9690006 
Tax revenue / Pre-tax labor income:  25.79977 %
Tax function parameter:  0.4845003 
Tax revenue / Pre-tax labor income:  25.79943 %
Tax function parameter:  0.2422502 
Tax revenue / Pre-tax labor income:  25.79859 %
Tax function parameter:  0.1211251 
Tax revenue / Pre-tax labor income:  25.79652 %
Tax function parameter:  0.06056254 
Tax revenue / Pre-tax labor income:  25.79144 %
Tax function parameter:  0.03028127 
Tax revenue / Pre-tax labor income:  25.77896 %
Tax function parameter:  0.01514063 
Tax revenue / Pre-tax labor income:  25.74844 %
Tax function parameter:  0.007570317 
Tax revenue / Pre-tax labor income:  25.67443 %
Tax function parameter:  0.003785159 
Tax revenue / Pre-tax labor income:  25.49772 %
Tax function parameter:  0.001892579 
Tax revenue / Pre-tax labor income:  25.08795 %
Tax function parameter:  0.001494177 
Tax revenue / Pre-tax labor income:  24.85372 %
Tax function parameter:  0.001742987 
Tax revenue / Pre-tax labor income:  25.01336 %
Tax function parameter:  0.001718434 
Tax revenue / Pre-tax labor income:  24.99979 %
Tax function parameter:  0.001718934 
Tax revenue / Pre-tax labor income:  25.00007 %
Tax function parameter:  0.001718934 
Tax revenue / Pre-tax labor income:  25.00007 %
Tax function parameter:  0.001718934 
Tax revenue / Pre-tax labor income:  25.00007 %
SS benefit parameter:  0.1 
SS Ben for Mean AIME/ Av Pre-tax Earns:  4.244 %
SS benefit parameter:  1.5 
SS Ben for Mean AIME/ Av Pre-tax Earns:  63.66 %
SS benefit parameter:  1.06032 
SS Ben for Mean AIME/ Av Pre-tax Earns:  45 %
SS benefit parameter:  1.05982 
SS Ben for Mean AIME/ Av Pre-tax Earns:  44.97878 %
SS benefit parameter:  1.06032 
SS Ben for Mean AIME/ Av Pre-tax Earns:  45 %
SS benefit parameter:  1.06032 
SS Ben for Mean AIME/ Av Pre-tax Earns:  45 %
Finished forming grids
Solving for decision rules at age  35 
Solving for decision rules at age  34 
Solving for decision rules at age  33 
Solving for decision rules at age  32 
Solving for decision rules at age  31 
Solving for decision rules at age  30 
Solving for decision rules at age  29 
Solving for decision rules at age  28 
Solving for decision rules at age  27 
Solving for decision rules at age  26 
Solving for decision rules at age  25 
Solving for decision rules at age  24 
Solving for decision rules at age  23 
Solving for decision rules at age  22 
Solving for decision rules at age  21 
Solving for decision rules at age  20 
Solving for decision rules at age  19 
[mode=multicore] YEAH !!!!! 
Number of Chains:  20 
Solving for decision rules at age  18 
Solving for decision rules at age  17 
Solving for decision rules at age  16 
Solving for decision rules at age  15 
Solving for decision rules at age  14 
Solving for decision rules at age  13 
Solving for decision rules at age  12 
Solving for decision rules at age  11 
Solving for decision rules at age  10 
Solving for decision rules at age  9 
Solving for decision rules at age  8 
Solving for decision rules at age  7 
Solving for decision rules at age  6 
Solving for decision rules at age  5 
Solving for decision rules at age  4 
Solving for decision rules at age  3 
Solving for decision rules at age  2 
Solving for decision rules at age  1 

total seconds to solve the program:  414.044