Tax function parameter:  0 
Tax revenue / Pre-tax labor income:  1.076179e-14 %
Tax function parameter:  1 
Tax revenue / Pre-tax labor income:  25.79978 %
Tax function parameter:  0.9690004 
Tax revenue / Pre-tax labor income:  25.79977 %
Tax function parameter:  0.4845002 
Tax revenue / Pre-tax labor income:  25.79944 %
Tax function parameter:  0.2422501 
Tax revenue / Pre-tax labor income:  25.79863 %
Tax function parameter:  0.1211251 
Tax revenue / Pre-tax labor income:  25.79661 %
Tax function parameter:  0.06056253 
Tax revenue / Pre-tax labor income:  25.79166 %
Tax function parameter:  0.03028126 
Tax revenue / Pre-tax labor income:  25.77951 %
Tax function parameter:  0.01514063 
Tax revenue / Pre-tax labor income:  25.74981 %
Tax function parameter:  0.007570316 
Tax revenue / Pre-tax labor income:  25.6778 %
Tax function parameter:  0.003785158 
Tax revenue / Pre-tax labor income:  25.50597 %
Tax function parameter:  0.001892579 
Tax revenue / Pre-tax labor income:  25.10792 %
Tax function parameter:  0.00138947 
Tax revenue / Pre-tax labor income:  24.79774 %
Tax function parameter:  0.001717533 
Tax revenue / Pre-tax labor income:  25.02185 %
Tax function parameter:  0.001677433 
Tax revenue / Pre-tax labor income:  24.99942 %
Tax function parameter:  0.001678469 
Tax revenue / Pre-tax labor income:  25.00001 %
Tax function parameter:  0.001677969 
Tax revenue / Pre-tax labor income:  24.99973 %
Tax function parameter:  0.001678469 
Tax revenue / Pre-tax labor income:  25.00001 %
Tax function parameter:  0.001678469 
Tax revenue / Pre-tax labor income:  25.00001 %
SS benefit parameter:  0.1 
SS Ben for Mean AIME/ Av Pre-tax Earns:  4.244 %
SS benefit parameter:  1.5 
SS Ben for Mean AIME/ Av Pre-tax Earns:  63.66 %
SS benefit parameter:  1.06032 
SS Ben for Mean AIME/ Av Pre-tax Earns:  45 %
SS benefit parameter:  1.06082 
SS Ben for Mean AIME/ Av Pre-tax Earns:  45.02122 %
SS benefit parameter:  1.06032 
SS Ben for Mean AIME/ Av Pre-tax Earns:  45 %
SS benefit parameter:  1.06032 
SS Ben for Mean AIME/ Av Pre-tax Earns:  45 %
Finished forming grids
Solving for decision rules at age  35 
Solving for decision rules at age  34 
Solving for decision rules at age  33 
Solving for decision rules at age  32 
Solving for decision rules at age  31 
Solving for decision rules at age  30 
Solving for decision rules at age  29 
Solving for decision rules at age  28 
Solving for decision rules at age  27 
Solving for decision rules at age  26 
Solving for decision rules at age  25 
Solving for decision rules at age  24 
Solving for decision rules at age  23 
Solving for decision rules at age  22 
Solving for decision rules at age  21 
Solving for decision rules at age  20 
Solving for decision rules at age  19 
[mode=multicore] YEAH !!!!! 
Number of Chains:  20 
Solving for decision rules at age  18 
Solving for decision rules at age  17 
Solving for decision rules at age  16 
Solving for decision rules at age  15 
Solving for decision rules at age  14 
Solving for decision rules at age  13 
Solving for decision rules at age  12 
Solving for decision rules at age  11 
Solving for decision rules at age  10 
Solving for decision rules at age  9 
Solving for decision rules at age  8 
Solving for decision rules at age  7 
Solving for decision rules at age  6 
Solving for decision rules at age  5 
Solving for decision rules at age  4 
Solving for decision rules at age  3 
Solving for decision rules at age  2 
Solving for decision rules at age  1 

total seconds to solve the program:  389.634