Tax function parameter:  0 
Tax revenue / Pre-tax labor income:  1.091667e-14 %
Tax function parameter:  1 
Tax revenue / Pre-tax labor income:  25.79981 %
Tax function parameter:  0.9689996 
Tax revenue / Pre-tax labor income:  25.7998 %
Tax function parameter:  0.4844998 
Tax revenue / Pre-tax labor income:  25.7995 %
Tax function parameter:  0.2422499 
Tax revenue / Pre-tax labor income:  25.79877 %
Tax function parameter:  0.1211249 
Tax revenue / Pre-tax labor income:  25.79696 %
Tax function parameter:  0.06056247 
Tax revenue / Pre-tax labor income:  25.79252 %
Tax function parameter:  0.03028124 
Tax revenue / Pre-tax labor income:  25.78161 %
Tax function parameter:  0.01514062 
Tax revenue / Pre-tax labor income:  25.75493 %
Tax function parameter:  0.007570309 
Tax revenue / Pre-tax labor income:  25.69017 %
Tax function parameter:  0.003785155 
Tax revenue / Pre-tax labor income:  25.53528 %
Tax function parameter:  0.001892577 
Tax revenue / Pre-tax labor income:  25.17492 %
Tax function parameter:  0.0009929012 
Tax revenue / Pre-tax labor income:  24.45418 %
Tax function parameter:  0.001674233 
Tax revenue / Pre-tax labor income:  25.0747 %
Tax function parameter:  0.001333567 
Tax revenue / Pre-tax labor income:  24.84743 %
Tax function parameter:  0.001562264 
Tax revenue / Pre-tax labor income:  25.01159 %
Tax function parameter:  0.001543149 
Tax revenue / Pre-tax labor income:  24.99984 %
Tax function parameter:  0.001543649 
Tax revenue / Pre-tax labor income:  25.00015 %
Tax function parameter:  0.001543649 
Tax revenue / Pre-tax labor income:  25.00015 %
Tax function parameter:  0.001543649 
Tax revenue / Pre-tax labor income:  25.00015 %
SS benefit parameter:  0.1 
SS Ben for Mean AIME/ Av Pre-tax Earns:  4.244 %
SS benefit parameter:  1.5 
SS Ben for Mean AIME/ Av Pre-tax Earns:  63.66 %
SS benefit parameter:  1.06032 
SS Ben for Mean AIME/ Av Pre-tax Earns:  45 %
SS benefit parameter:  1.06082 
SS Ben for Mean AIME/ Av Pre-tax Earns:  45.02122 %
SS benefit parameter:  1.06032 
SS Ben for Mean AIME/ Av Pre-tax Earns:  45 %
SS benefit parameter:  1.06032 
SS Ben for Mean AIME/ Av Pre-tax Earns:  45 %
Finished forming grids
Solving for decision rules at age  35 
Solving for decision rules at age  34 
Solving for decision rules at age  33 
Solving for decision rules at age  32 
Solving for decision rules at age  31 
Solving for decision rules at age  30 
Solving for decision rules at age  29 
Solving for decision rules at age  28 
Solving for decision rules at age  27 
Solving for decision rules at age  26 
Solving for decision rules at age  25 
Solving for decision rules at age  24 
Solving for decision rules at age  23 
Solving for decision rules at age  22 
Solving for decision rules at age  21 
Solving for decision rules at age  20 
Solving for decision rules at age  19 
[mode=multicore] YEAH !!!!! 
Number of Chains:  20 
Solving for decision rules at age  18 
Solving for decision rules at age  17 
Solving for decision rules at age  16 
Solving for decision rules at age  15 
Solving for decision rules at age  14 
Solving for decision rules at age  13 
Solving for decision rules at age  12 
Solving for decision rules at age  11 
Solving for decision rules at age  10 
Solving for decision rules at age  9 
Solving for decision rules at age  8 
Solving for decision rules at age  7 
Solving for decision rules at age  6 
Solving for decision rules at age  5 
Solving for decision rules at age  4 
Solving for decision rules at age  3 
Solving for decision rules at age  2 
Solving for decision rules at age  1 

total seconds to solve the program:  384.87