Changed directory to /home/hpcgu1/git/abbg/R2.

JobID: 758971
======
Time: Wed Oct 29 12:38:19 GMT 2014
Running on master node: sand-1-20
Current directory: /home/hpcgu1/git/abbg/R2

Nodes allocated:
================
sand-1-20

numtasks=16, numnodes=1, mpi_tasks_per_node=16 (OMP_NUM_THREADS=16)

Executing command:
==================
R --no-save --slave < run.betaKY.nl.r

Loading required package: Hmisc
Loading required package: grid
Loading required package: lattice
Loading required package: survival
Loading required package: splines
Loading required package: Formula

Attaching package: ‘Hmisc’

The following objects are masked from ‘package:base’:

    format.pval, round.POSIXt, trunc.POSIXt, units

Loading required package: data.table
Loading required package: ggplot2
 Beta before:  0.9708738 
 Beta guess:  0.9708738 
Tax function parameter:  0.003704888 
Tax revenue / Pre-tax labor income:  25 %
SS benefit parameter:  1.06032 
SS Ben for Mean AIME/ Av Pre-tax Earns:  44.99998 %
Finished forming grids
Solving for decision rules at age  70 
Solving for decision rules at age  69 
Solving for decision rules at age  68 
Solving for decision rules at age  67 
Solving for decision rules at age  66 
Solving for decision rules at age  65 
Solving for decision rules at age  64 
Solving for decision rules at age  63 
Solving for decision rules at age  62 
Solving for decision rules at age  61 
Solving for decision rules at age  60 
Solving for decision rules at age  59 
Solving for decision rules at age  58 
Solving for decision rules at age  57 
Solving for decision rules at age  56 
Solving for decision rules at age  55 
Solving for decision rules at age  54 
Solving for decision rules at age  53 
Solving for decision rules at age  52 
Solving for decision rules at age  51 
Solving for decision rules at age  50 
Solving for decision rules at age  49 
Solving for decision rules at age  48 
Solving for decision rules at age  47 
Solving for decision rules at age  46 
Solving for decision rules at age  45 
Solving for decision rules at age  44 
Solving for decision rules at age  43 
Solving for decision rules at age  42 
Solving for decision rules at age  41 
Solving for decision rules at age  40 
Solving for decision rules at age  39 
Solving for decision rules at age  38 
Solving for decision rules at age  37 
Solving for decision rules at age  36 
[mode=multicore] YEAH !!!!! 
Loading required package: parallel
Number of Chains:  16 
Solving for decision rules at age  35 
Solving for decision rules at age  34 
Solving for decision rules at age  33 
Solving for decision rules at age  32 
Solving for decision rules at age  31 
Solving for decision rules at age  30 
Solving for decision rules at age  29 
Solving for decision rules at age  28 
Solving for decision rules at age  27 
Solving for decision rules at age  26 
Solving for decision rules at age  25 
Solving for decision rules at age  24 
Solving for decision rules at age  23 
Solving for decision rules at age  22 
Solving for decision rules at age  21 
Solving for decision rules at age  20 
Solving for decision rules at age  19 
Solving for decision rules at age  18 
Solving for decision rules at age  17 
Solving for decision rules at age  16 
Solving for decision rules at age  15 
Solving for decision rules at age  14 
Solving for decision rules at age  13 
Solving for decision rules at age  12 
Solving for decision rules at age  11 
Solving for decision rules at age  10 
Solving for decision rules at age  9 
Solving for decision rules at age  8 
Solving for decision rules at age  7 
Solving for decision rules at age  6 
Solving for decision rules at age  5 
Solving for decision rules at age  4 
Solving for decision rules at age  3 
Solving for decision rules at age  2 
Solving for decision rules at age  1 
 Simulated - Target KY:  0.4965052 
 Beta guess:  0.9805825 
Tax function parameter:  0.003704888 
Tax revenue / Pre-tax labor income:  25 %
SS benefit parameter:  1.06032 
SS Ben for Mean AIME/ Av Pre-tax Earns:  44.99998 %
Finished forming grids
Solving for decision rules at age  70 
Solving for decision rules at age  69 
Solving for decision rules at age  68 
Solving for decision rules at age  67 
Solving for decision rules at age  66 
Solving for decision rules at age  65 
Solving for decision rules at age  64 
Solving for decision rules at age  63 
Solving for decision rules at age  62 
Solving for decision rules at age  61 
Solving for decision rules at age  60 
Solving for decision rules at age  59 
Solving for decision rules at age  58 
Solving for decision rules at age  57 
Solving for decision rules at age  56 
Solving for decision rules at age  55 
Solving for decision rules at age  54 
Solving for decision rules at age  53 
Solving for decision rules at age  52 
Solving for decision rules at age  51 
Solving for decision rules at age  50 
Solving for decision rules at age  49 
Solving for decision rules at age  48 
Solving for decision rules at age  47 
Solving for decision rules at age  46 
Solving for decision rules at age  45 
Solving for decision rules at age  44 
Solving for decision rules at age  43 
Solving for decision rules at age  42 
Solving for decision rules at age  41 
Solving for decision rules at age  40 
Solving for decision rules at age  39 
Solving for decision rules at age  38 
Solving for decision rules at age  37 
Solving for decision rules at age  36 
[mode=multicore] YEAH !!!!! 
Number of Chains:  16 
Solving for decision rules at age  35 
Solving for decision rules at age  34 
Solving for decision rules at age  33 
Solving for decision rules at age  32 
Solving for decision rules at age  31 
Solving for decision rules at age  30 
Solving for decision rules at age  29 
Solving for decision rules at age  28 
Solving for decision rules at age  27 
Solving for decision rules at age  26 
Solving for decision rules at age  25 
Solving for decision rules at age  24 
Solving for decision rules at age  23 
Solving for decision rules at age  22 
Solving for decision rules at age  21 
Solving for decision rules at age  20 
Solving for decision rules at age  19 
Solving for decision rules at age  18 
Solving for decision rules at age  17 
Solving for decision rules at age  16 
Solving for decision rules at age  15 
Solving for decision rules at age  14 
Solving for decision rules at age  13 
Solving for decision rules at age  12 
Solving for decision rules at age  11 
Solving for decision rules at age  10 
Solving for decision rules at age  9 
Solving for decision rules at age  8 
Solving for decision rules at age  7 
Solving for decision rules at age  6 
Solving for decision rules at age  5 
Solving for decision rules at age  4 
Solving for decision rules at age  3 
Solving for decision rules at age  2 
Solving for decision rules at age  1 
 Simulated - Target KY:  1.058649 
 Beta guess:  0.961165 
Tax function parameter:  0.003704888 
Tax revenue / Pre-tax labor income:  25 %
SS benefit parameter:  1.06032 
SS Ben for Mean AIME/ Av Pre-tax Earns:  44.99998 %
Finished forming grids
Solving for decision rules at age  70 
Solving for decision rules at age  69 
Solving for decision rules at age  68 
Solving for decision rules at age  67 
Solving for decision rules at age  66 
Solving for decision rules at age  65 
Solving for decision rules at age  64 
Solving for decision rules at age  63 
Solving for decision rules at age  62 
Solving for decision rules at age  61 
Solving for decision rules at age  60 
Solving for decision rules at age  59 
Solving for decision rules at age  58 
Solving for decision rules at age  57 
Solving for decision rules at age  56 
Solving for decision rules at age  55 
Solving for decision rules at age  54 
Solving for decision rules at age  53 
Solving for decision rules at age  52 
Solving for decision rules at age  51 
Solving for decision rules at age  50 
Solving for decision rules at age  49 
Solving for decision rules at age  48 
Solving for decision rules at age  47 
Solving for decision rules at age  46 
Solving for decision rules at age  45 
Solving for decision rules at age  44 
Solving for decision rules at age  43 
Solving for decision rules at age  42 
Solving for decision rules at age  41 
Solving for decision rules at age  40 
Solving for decision rules at age  39 
Solving for decision rules at age  38 
Solving for decision rules at age  37 
Solving for decision rules at age  36 
[mode=multicore] YEAH !!!!! 
Number of Chains:  16 
Solving for decision rules at age  35 
Solving for decision rules at age  34 
Solving for decision rules at age  33 
Solving for decision rules at age  32 
Solving for decision rules at age  31 
Solving for decision rules at age  30 
Solving for decision rules at age  29 
Solving for decision rules at age  28 
Solving for decision rules at age  27 
Solving for decision rules at age  26 
Solving for decision rules at age  25 
Solving for decision rules at age  24 
Solving for decision rules at age  23 
Solving for decision rules at age  22 
Solving for decision rules at age  21 
Solving for decision rules at age  20 
Solving for decision rules at age  19 
Solving for decision rules at age  18 
Solving for decision rules at age  17 
Solving for decision rules at age  16 
Solving for decision rules at age  15 
Solving for decision rules at age  14 
Solving for decision rules at age  13 
Solving for decision rules at age  12 
Solving for decision rules at age  11 
Solving for decision rules at age  10 
Solving for decision rules at age  9 
Solving for decision rules at age  8 
Solving for decision rules at age  7 
Solving for decision rules at age  6 
Solving for decision rules at age  5 
Solving for decision rules at age  4 
Solving for decision rules at age  3 
Solving for decision rules at age  2 
Solving for decision rules at age  1 
 Simulated - Target KY:  -0.008601992 
 Beta guess:  0.9903883 
Tax function parameter:  0.003704888 
Tax revenue / Pre-tax labor income:  25 %
SS benefit parameter:  1.06032 
SS Ben for Mean AIME/ Av Pre-tax Earns:  44.99998 %
Finished forming grids
Solving for decision rules at age  70 
Solving for decision rules at age  69 
Solving for decision rules at age  68 
Solving for decision rules at age  67 
Solving for decision rules at age  66 
Solving for decision rules at age  65 
Solving for decision rules at age  64 
Solving for decision rules at age  63 
Solving for decision rules at age  62 
Solving for decision rules at age  61 
Solving for decision rules at age  60 
Solving for decision rules at age  59 
Solving for decision rules at age  58 
Solving for decision rules at age  57 
Solving for decision rules at age  56 
Solving for decision rules at age  55 
Solving for decision rules at age  54 
Solving for decision rules at age  53 
Solving for decision rules at age  52 
Solving for decision rules at age  51 
Solving for decision rules at age  50 
Solving for decision rules at age  49 
Solving for decision rules at age  48 
Solving for decision rules at age  47 
Solving for decision rules at age  46 
Solving for decision rules at age  45 
Solving for decision rules at age  44 
Solving for decision rules at age  43 
Solving for decision rules at age  42 
Solving for decision rules at age  41 
Solving for decision rules at age  40 
Solving for decision rules at age  39 
Solving for decision rules at age  38 
Solving for decision rules at age  37 
Solving for decision rules at age  36 
[mode=multicore] YEAH !!!!! 
Number of Chains:  16 
Solving for decision rules at age  35 
Solving for decision rules at age  34 
Solving for decision rules at age  33 
Solving for decision rules at age  32 
Solving for decision rules at age  31 
Solving for decision rules at age  30 
Solving for decision rules at age  29 
Solving for decision rules at age  28 
Solving for decision rules at age  27 
Solving for decision rules at age  26 
Solving for decision rules at age  25 
Solving for decision rules at age  24 
Solving for decision rules at age  23 
Solving for decision rules at age  22 
Solving for decision rules at age  21 
Solving for decision rules at age  20 
Solving for decision rules at age  19 
Solving for decision rules at age  18 
Solving for decision rules at age  17 
Solving for decision rules at age  16 
Solving for decision rules at age  15 
Solving for decision rules at age  14 
Solving for decision rules at age  13 
Solving for decision rules at age  12 
Solving for decision rules at age  11 
Solving for decision rules at age  10 
Solving for decision rules at age  9 
Solving for decision rules at age  8 
Solving for decision rules at age  7 
Solving for decision rules at age  6 
Solving for decision rules at age  5 
Solving for decision rules at age  4 
Solving for decision rules at age  3 
Solving for decision rules at age  2 
Solving for decision rules at age  1 
 Simulated - Target KY:  1.702428 
 Beta guess:  0.966165 
Tax function parameter:  0.003704888 
Tax revenue / Pre-tax labor income:  25 %
SS benefit parameter:  1.06032 
SS Ben for Mean AIME/ Av Pre-tax Earns:  44.99998 %
Finished forming grids
Solving for decision rules at age  70 
Solving for decision rules at age  69 
Solving for decision rules at age  68 
Solving for decision rules at age  67 
Solving for decision rules at age  66 
Solving for decision rules at age  65 
Solving for decision rules at age  64 
Solving for decision rules at age  63 
Solving for decision rules at age  62 
Solving for decision rules at age  61 
Solving for decision rules at age  60 
Solving for decision rules at age  59 
Solving for decision rules at age  58 
Solving for decision rules at age  57 
Solving for decision rules at age  56 
Solving for decision rules at age  55 
Solving for decision rules at age  54 
Solving for decision rules at age  53 
Solving for decision rules at age  52 
Solving for decision rules at age  51 
Solving for decision rules at age  50 
Solving for decision rules at age  49 
Solving for decision rules at age  48 
Solving for decision rules at age  47 
Solving for decision rules at age  46 
Solving for decision rules at age  45 
Solving for decision rules at age  44 
Solving for decision rules at age  43 
Solving for decision rules at age  42 
Solving for decision rules at age  41 
Solving for decision rules at age  40 
Solving for decision rules at age  39 
Solving for decision rules at age  38 
Solving for decision rules at age  37 
Solving for decision rules at age  36 
[mode=multicore] YEAH !!!!! 
Number of Chains:  16 
Solving for decision rules at age  35 
Solving for decision rules at age  34 
Solving for decision rules at age  33 
Solving for decision rules at age  32 
Solving for decision rules at age  31 
Solving for decision rules at age  30 
Solving for decision rules at age  29 
Solving for decision rules at age  28 
Solving for decision rules at age  27 
Solving for decision rules at age  26 
Solving for decision rules at age  25 
Solving for decision rules at age  24 
Solving for decision rules at age  23 
Solving for decision rules at age  22 
Solving for decision rules at age  21 
Solving for decision rules at age  20 
Solving for decision rules at age  19 
Solving for decision rules at age  18 
Solving for decision rules at age  17 
Solving for decision rules at age  16 
Solving for decision rules at age  15 
Solving for decision rules at age  14 
Solving for decision rules at age  13 
Solving for decision rules at age  12 
Solving for decision rules at age  11 
Solving for decision rules at age  10 
Solving for decision rules at age  9 
Solving for decision rules at age  8 
Solving for decision rules at age  7 
Solving for decision rules at age  6 
Solving for decision rules at age  5 
Solving for decision rules at age  4 
Solving for decision rules at age  3 
Solving for decision rules at age  2 
Solving for decision rules at age  1 
 Simulated - Target KY:  0.2373926 
 Beta guess:  0.961165 
Tax function parameter:  0.003704888 
Tax revenue / Pre-tax labor income:  25 %
SS benefit parameter:  1.06032 
SS Ben for Mean AIME/ Av Pre-tax Earns:  44.99998 %
Finished forming grids
Solving for decision rules at age  70 
Solving for decision rules at age  69 
Solving for decision rules at age  68 
Solving for decision rules at age  67 
Solving for decision rules at age  66 
Solving for decision rules at age  65 
Solving for decision rules at age  64 
Solving for decision rules at age  63 
Solving for decision rules at age  62 
Solving for decision rules at age  61 
Solving for decision rules at age  60 
Solving for decision rules at age  59 
Solving for decision rules at age  58 
Solving for decision rules at age  57 
Solving for decision rules at age  56 
Solving for decision rules at age  55 
Solving for decision rules at age  54 
Solving for decision rules at age  53 
Solving for decision rules at age  52 
Solving for decision rules at age  51 
Solving for decision rules at age  50 
Solving for decision rules at age  49 
Solving for decision rules at age  48 
Solving for decision rules at age  47 
Solving for decision rules at age  46 
Solving for decision rules at age  45 
Solving for decision rules at age  44 
Solving for decision rules at age  43 
Solving for decision rules at age  42 
Solving for decision rules at age  41 
Solving for decision rules at age  40 
Solving for decision rules at age  39 
Solving for decision rules at age  38 
Solving for decision rules at age  37 
Solving for decision rules at age  36 
[mode=multicore] YEAH !!!!! 
Number of Chains:  16 
Solving for decision rules at age  35 
Solving for decision rules at age  34 
Solving for decision rules at age  33 
Solving for decision rules at age  32 
Solving for decision rules at age  31 
Solving for decision rules at age  30 
Solving for decision rules at age  29 
Solving for decision rules at age  28 
Solving for decision rules at age  27 
Solving for decision rules at age  26 
Solving for decision rules at age  25 
Solving for decision rules at age  24 
Solving for decision rules at age  23 
Solving for decision rules at age  22 
Solving for decision rules at age  21 
Solving for decision rules at age  20 
Solving for decision rules at age  19 
Solving for decision rules at age  18 
Solving for decision rules at age  17 
Solving for decision rules at age  16 
Solving for decision rules at age  15 
Solving for decision rules at age  14 
Solving for decision rules at age  13 
Solving for decision rules at age  12 
Solving for decision rules at age  11 
Solving for decision rules at age  10 
Solving for decision rules at age  9 
Solving for decision rules at age  8 
Solving for decision rules at age  7 
Solving for decision rules at age  6 
Solving for decision rules at age  5 
Solving for decision rules at age  4 
Solving for decision rules at age  3 
Solving for decision rules at age  2 
Solving for decision rules at age  1 
 Simulated - Target KY:  0.0008081815 
 Beta after:  0.961165 
Tax function parameter:  0.003704888 
Tax revenue / Pre-tax labor income:  25 %
SS benefit parameter:  1.06032 
SS Ben for Mean AIME/ Av Pre-tax Earns:  44.99998 %
Finished forming grids
Solving for decision rules at age  70 
Solving for decision rules at age  69 
Solving for decision rules at age  68 
Solving for decision rules at age  67 
Solving for decision rules at age  66 
Solving for decision rules at age  65 
Solving for decision rules at age  64 
Solving for decision rules at age  63 
Solving for decision rules at age  62 
Solving for decision rules at age  61 
Solving for decision rules at age  60 
Solving for decision rules at age  59 
Solving for decision rules at age  58 
Solving for decision rules at age  57 
Solving for decision rules at age  56 
Solving for decision rules at age  55 
Solving for decision rules at age  54 
Solving for decision rules at age  53 
Solving for decision rules at age  52 
Solving for decision rules at age  51 
Solving for decision rules at age  50 
Solving for decision rules at age  49 
Solving for decision rules at age  48 
Solving for decision rules at age  47 
Solving for decision rules at age  46 
Solving for decision rules at age  45 
Solving for decision rules at age  44 
Solving for decision rules at age  43 
Solving for decision rules at age  42 
Solving for decision rules at age  41 
Solving for decision rules at age  40 
Solving for decision rules at age  39 
Solving for decision rules at age  38 
Solving for decision rules at age  37 
Solving for decision rules at age  36 
[mode=multicore] YEAH !!!!! 
Number of Chains:  16 
Solving for decision rules at age  35 
Solving for decision rules at age  34 
Solving for decision rules at age  33 
Solving for decision rules at age  32 
Solving for decision rules at age  31 
Solving for decision rules at age  30 
Solving for decision rules at age  29 
Solving for decision rules at age  28 
Solving for decision rules at age  27 
Solving for decision rules at age  26 
Solving for decision rules at age  25 
Solving for decision rules at age  24 
Solving for decision rules at age  23 
Solving for decision rules at age  22 
Solving for decision rules at age  21 
Solving for decision rules at age  20 
Solving for decision rules at age  19 
Solving for decision rules at age  18 
Solving for decision rules at age  17 
Solving for decision rules at age  16 
Solving for decision rules at age  15 
Solving for decision rules at age  14 
Solving for decision rules at age  13 
Solving for decision rules at age  12 
Solving for decision rules at age  11 
Solving for decision rules at age  10 
Solving for decision rules at age  9 
Solving for decision rules at age  8 
Solving for decision rules at age  7 
Solving for decision rules at age  6 
Solving for decision rules at age  5 
Solving for decision rules at age  4 
Solving for decision rules at age  3 
Solving for decision rules at age  2 
Solving for decision rules at age  1 

total seconds to solve the program:  6017.138